Using pre-set license
Built from '2020.2/release' branch; Version is '2020.2.1f1 (270dd8c3da1c) revision 2559448'; Using compiler version '192528614'; Build Type 'Release'
OS: 'Windows 10  (10.0.0) 64bit' Language: 'ko' Physical Memory: 16244 MB
BatchMode: 1, IsHumanControllingUs: 0, StartBugReporterOnCrash: 0, Is64bit: 1, IsPro: 0

 COMMAND LINE ARGUMENTS:
C:\Program Files\Unity\Editor\2020.2.1f1\Editor\Unity.exe
-adb2
-batchMode
-noUpm
-name
AssetImportWorker0
-projectPath
C:/Users/opcy3/Desktop/Unity/FindDoor
-logFile
Logs/AssetImportWorker0.log
-srvPort
4040
Successfully changed project path to: C:/Users/opcy3/Desktop/Unity/FindDoor
C:/Users/opcy3/Desktop/Unity/FindDoor
Using Asset Import Pipeline V2.
Refreshing native plugins compatible for Editor in 31.41 ms, found 1 plugins.
Preloading 0 native plugins for Editor in 0.00 ms.
Initialize engine version: 2020.2.1f1 (270dd8c3da1c)
[Subsystems] Discovering subsystems at path C:/Program Files/Unity/Editor/2020.2.1f1/Editor/Data/Resources/UnitySubsystems
[Subsystems] Discovering subsystems at path C:/Users/opcy3/Desktop/Unity/FindDoor/Assets
GfxDevice: creating device client; threaded=0
Direct3D:
    Version:  Direct3D 11.0 [level 11.1]
    Renderer: NVIDIA GeForce RTX 2070 with Max-Q Design (ID=0x1f14)
    Vendor:   
    VRAM:     8031 MB
    Driver:   27.21.14.5148
Initialize mono
Mono path[0] = 'C:/Program Files/Unity/Editor/2020.2.1f1/Editor/Data/Managed'
Mono path[1] = 'C:/Program Files/Unity/Editor/2020.2.1f1/Editor/Data/MonoBleedingEdge/lib/mono/unityjit'
Mono config path = 'C:/Program Files/Unity/Editor/2020.2.1f1/Editor/Data/MonoBleedingEdge/etc'
Using monoOptions --debugger-agent=transport=dt_socket,embedding=1,server=y,suspend=n,address=127.0.0.1:56540
Begin MonoManager ReloadAssembly
Registering precompiled unity dll's ...
Register platform support module: C:/Program Files/Unity/Editor/2020.2.1f1/Editor/Data/PlaybackEngines/WindowsStandaloneSupport/UnityEditor.WindowsStandalone.Extensions.dll
Registered in 0.002667 seconds.
Native extension for WindowsStandalone target not found
Refreshing native plugins compatible for Editor in 28.73 ms, found 1 plugins.
Preloading 0 native plugins for Editor in 0.00 ms.
Invoked RoslynAnalysisRunner static constructor.
RoslynAnalysisRunner will not be running.
RoslynAnalysisRunner has terminated.
Mono: successfully reloaded assembly
- Completed reload, in  1.106 seconds
Platform modules already initialized, skipping
Registering precompiled user dll's ...
Registered in 0.005643 seconds.
Begin MonoManager ReloadAssembly
Native extension for WindowsStandalone target not found
Refreshing native plugins compatible for Editor in 29.26 ms, found 1 plugins.
Preloading 0 native plugins for Editor in 0.00 ms.
Invoked RoslynAnalysisRunner static constructor.
RoslynAnalysisRunner will not be running.
RoslynAnalysisRunner has terminated.
Mono: successfully reloaded assembly
- Completed reload, in  1.400 seconds
Platform modules already initialized, skipping
========================================================================
Worker process is ready to serve import requests
Launched and connected shader compiler UnityShaderCompiler.exe after 0.08 seconds
Refreshing native plugins compatible for Editor in 0.30 ms, found 1 plugins.
Preloading 0 native plugins for Editor in 0.00 ms.
Unloading 1673 Unused Serialized files (Serialized files now loaded: 0)
System memory in use before: 83.0 MB.
System memory in use after: 83.1 MB.

Unloading 24 unused Assets to reduce memory usage. Loaded Objects now: 2104.
Total: 1.752400 ms (FindLiveObjects: 0.203000 ms CreateObjectMapping: 0.076500 ms MarkObjects: 1.399100 ms  DeleteObjects: 0.072800 ms)

========================================================================
Received Import Request.
  path: Assets/AgentCube_Blue.prefab
  artifactKey: Guid(7ba1f41da02f83c45b97bc1afcc0fbeb) Importer(815301076,1909f56bfc062723c751e8b465ee728b)
Start importing Assets/AgentCube_Blue.prefab using Guid(7ba1f41da02f83c45b97bc1afcc0fbeb) Importer(815301076,1909f56bfc062723c751e8b465ee728b)  -> (artifact id: 'd2ada6d54924ddfc34b45897c2ea8acc') in 0.117992 seconds
  Import took 0.120772 seconds .

========================================================================
Received Import Request.
  Time since last request: 0.000186 seconds.
  path: Assets/AgnetBlue.onnx
  artifactKey: Guid(0aa20f787cefaf1409f5ceefc3ec11f4) Importer(815301076,1909f56bfc062723c751e8b465ee728b)
Start importing Assets/AgnetBlue.onnx using Guid(0aa20f787cefaf1409f5ceefc3ec11f4) Importer(815301076,1909f56bfc062723c751e8b465ee728b)  -> (artifact id: '227338bfa021375f0c4282dbfff4663e') in 0.047623 seconds
  Import took 0.050050 seconds .

========================================================================
Received Import Request.
  Time since last request: 7.334486 seconds.
  path: Assets/AgentCube_Blue.prefab
  artifactKey: Guid(7ba1f41da02f83c45b97bc1afcc0fbeb) Importer(815301076,1909f56bfc062723c751e8b465ee728b)
Start importing Assets/AgentCube_Blue.prefab using Guid(7ba1f41da02f83c45b97bc1afcc0fbeb) Importer(815301076,1909f56bfc062723c751e8b465ee728b)  -> (artifact id: 'ebe28cddf855fb54651c1734deb541d7') in 0.011119 seconds
  Import took 0.015008 seconds .

========================================================================
Received Import Request.
  Time since last request: 6.591197 seconds.
  path: Assets/AgentCube_Blue.prefab
  artifactKey: Guid(7ba1f41da02f83c45b97bc1afcc0fbeb) Importer(815301076,1909f56bfc062723c751e8b465ee728b)
Start importing Assets/AgentCube_Blue.prefab using Guid(7ba1f41da02f83c45b97bc1afcc0fbeb) Importer(815301076,1909f56bfc062723c751e8b465ee728b)  -> (artifact id: '9665408a01b9a28d0bdbbfe559e8fce5') in 0.014116 seconds
  Import took 0.017094 seconds .

========================================================================
Received Prepare
Registering precompiled user dll's ...
Registered in 0.004789 seconds.
Begin MonoManager ReloadAssembly
Native extension for WindowsStandalone target not found
Refreshing native plugins compatible for Editor in 0.43 ms, found 1 plugins.
Preloading 0 native plugins for Editor in 0.00 ms.
Invoked RoslynAnalysisRunner static constructor.
RoslynAnalysisRunner will not be running.
RoslynAnalysisRunner has terminated.
Mono: successfully reloaded assembly
- Completed reload, in  1.119 seconds
Platform modules already initialized, skipping
Refreshing native plugins compatible for Editor in 0.36 ms, found 1 plugins.
Preloading 0 native plugins for Editor in 0.00 ms.
Unloading 1667 Unused Serialized files (Serialized files now loaded: 0)
System memory in use before: 86.4 MB.
System memory in use after: 86.5 MB.

Unloading 19 unused Assets to reduce memory usage. Loaded Objects now: 2116.
Total: 2.063500 ms (FindLiveObjects: 0.255900 ms CreateObjectMapping: 0.081100 ms MarkObjects: 1.643800 ms  DeleteObjects: 0.081500 ms)

AssetImportWorkerClient::OnTransportError - code=2 error=End of file
